<?xml version="1.0" encoding="UTF-8"?>
<!-- Generated by org.testng.reporters.JUnitReportReporter -->
<testsuite skipped="0" hostname="LAPTOP-DL1C7Q1N" name="API_Methods.PUT" tests="1" failures="0" timestamp="2020-09-24T21:14:59 IST" time="2.381" errors="0">
  <testcase name="Put_01" time="2.381" classname="API_Methods.PUT"/>
  <system-out/>
</testsuite> <!-- API_Methods.PUT -->
