<?xml version="1.0" encoding="UTF-8"?>
<!-- Generated by org.testng.reporters.JUnitReportReporter -->
<testsuite skipped="0" hostname="LAPTOP-DL1C7Q1N" name="API_Methods.Test3" tests="1" failures="0" timestamp="2020-09-18T21:19:29 IST" time="16.592" errors="0">
  <testcase name="CountryParameter" time="16.592" classname="API_Methods.Test3"/>
  <system-out/>
</testsuite> <!-- API_Methods.Test3 -->
