<?xml version="1.0" encoding="UTF-8"?>
<!-- Generated by org.testng.reporters.JUnitReportReporter -->
<testsuite skipped="0" hostname="LAPTOP-DL1C7Q1N" name="API_Methods.POST" tests="1" failures="0" timestamp="2020-09-24T20:52:08 IST" time="4.070" errors="0">
  <testcase name="Post_01" time="4.070" classname="API_Methods.POST"/>
  <system-out/>
</testsuite> <!-- API_Methods.POST -->
