<?xml version="1.0" encoding="UTF-8"?>
<!-- Generated by org.testng.reporters.JUnitReportReporter -->
<testsuite skipped="0" hostname="LAPTOP-DL1C7Q1N" name="API_Methods.GET_02" tests="1" failures="0" timestamp="2020-09-18T22:22:43 IST" time="1.740" errors="0">
  <testcase name="test01" time="1.740" classname="API_Methods.GET_02"/>
  <system-out/>
</testsuite> <!-- API_Methods.GET_02 -->
