<?xml version="1.0" encoding="UTF-8"?>
<!-- Generated by org.testng.reporters.JUnitReportReporter -->
<testsuite skipped="0" hostname="LAPTOP-N04AR20A" name="API_Methods.GET_01" tests="1" failures="0" timestamp="2020-08-05T22:57:27 IST" time="1.934" errors="0">
  <testcase name="test01" time="1.934" classname="API_Methods.GET_01"/>
  <system-out/>
</testsuite> <!-- API_Methods.GET_01 -->
