<?xml version="1.0" encoding="UTF-8"?>
<!-- Generated by org.testng.reporters.JUnitReportReporter -->
<testsuite skipped="0" hostname="LAPTOP-DL1C7Q1N" name="API_Methods.Test1" tests="1" failures="0" timestamp="2020-09-18T17:16:57 IST" time="2.780" errors="0">
  <testcase name="GetCountryCapital" time="2.780" classname="API_Methods.Test1"/>
  <system-out/>
</testsuite> <!-- API_Methods.Test1 -->
