<?xml version="1.0" encoding="UTF-8"?>
<!-- Generated by org.testng.reporters.JUnitReportReporter -->
<testsuite skipped="0" hostname="LAPTOP-DL1C7Q1N" name="API_Methods.DELETE" tests="1" failures="0" timestamp="2020-09-24T21:28:38 IST" time="2.319" errors="0">
  <testcase name="Delete_01" time="2.319" classname="API_Methods.DELETE"/>
  <system-out/>
</testsuite> <!-- API_Methods.DELETE -->
