<?xml version="1.0" encoding="UTF-8"?>
<!-- Generated by org.testng.reporters.JUnitReportReporter -->
<testsuite skipped="0" hostname="LAPTOP-DL1C7Q1N" name="API_Methods.Test4" tests="1" failures="0" timestamp="2020-09-18T21:39:18 IST" time="12.715" errors="0">
  <testcase name="CountryParameter" time="12.715" classname="API_Methods.Test4"/>
  <system-out/>
</testsuite> <!-- API_Methods.Test4 -->
