<?xml version="1.0" encoding="UTF-8"?>
<!-- Generated by org.testng.reporters.JUnitReportReporter -->
<testsuite skipped="0" hostname="LAPTOP-DL1C7Q1N" name="API_Methods.DisplayCountryCapital" tests="1" failures="0" timestamp="2020-09-18T23:08:30 IST" time="5.308" errors="0">
  <testcase name="CountryParameter" time="5.308" classname="API_Methods.DisplayCountryCapital"/>
  <system-out/>
</testsuite> <!-- API_Methods.DisplayCountryCapital -->
