<?xml version="1.0" encoding="UTF-8"?>
<!-- Generated by org.testng.reporters.JUnitReportReporter -->
<testsuite skipped="0" hostname="LAPTOP-DL1C7Q1N" name="API_Methods.PATCH" tests="1" failures="0" timestamp="2020-09-24T21:15:54 IST" time="2.332" errors="0">
  <testcase name="Patch_01" time="2.332" classname="API_Methods.PATCH"/>
  <system-out/>
</testsuite> <!-- API_Methods.PATCH -->
