<?xml version="1.0" encoding="UTF-8"?>
<!-- Generated by org.testng.reporters.JUnitReportReporter -->
<testsuite skipped="0" hostname="LAPTOP-DL1C7Q1N" name="API_Methods.ValidationTests" tests="1" failures="0" timestamp="2020-09-22T20:40:25 IST" time="8.773" errors="0">
  <testcase name="CountryParameter" time="8.773" classname="API_Methods.ValidationTests"/>
  <system-out/>
</testsuite> <!-- API_Methods.ValidationTests -->
